<?xml version="1.0" encoding="UTF-8"?>
<!-- Generated by org.testng.reporters.JUnitXMLReporter -->
<testsuite ignored="0" hostname="DESKTOP-GHO9U30" failures="0" tests="18" name="Regression1" time="0.811" errors="0" timestamp="2023-12-04T22:53:18 CET">
  <testcase classname="Scenario_component.TelephoneDialPad" name="Test_phonedial" time="0.006"/>
  <testcase classname="Scenario_component.TelephoneDialPad" name="Test_phonedial" time="0.002"/>
  <testcase classname="Scenario_component.TelephoneDialPad" name="Test_phonedial" time="0.002"/>
  <testcase classname="Scenario_component.TelephoneDialPad" name="Test_phonedial" time="0.002"/>
  <testcase classname="Scenario_component.TelephoneDialPad" name="Test_phonedial" time="0.002"/>
  <testcase classname="Scenario_component.TelephoneDialPad" name="Test_phonedial" time="0.001"/>
  <testcase classname="Scenario_component.TelephoneDialPad" name="Test_phonedial" time="0.001"/>
  <testcase classname="Scenario_component.TelephoneDialPad" name="Test_phonedial" time="0.001"/>
  <testcase classname="Scenario_component.TelephoneDialPad" name="Test_phonedial" time="0.002"/>
  <testcase classname="Scenario_component.TelephoneDialPad" name="Test_phonedial" time="0.002"/>
  <testcase classname="Scenario_component.TelephoneDialPad" name="Test_phonedial" time="0.001"/>
  <testcase classname="Scenario_component.TelephoneDialPad" name="Test_phonedial" time="0.001"/>
  <testcase classname="Scenario_component.TelephoneDialPad" name="Test_phonedial" time="0.001"/>
  <testcase classname="Scenario_component.TelephoneDialPad" name="Test_phonedial" time="0.001"/>
  <testcase classname="Scenario_component.TelephoneDialPad" name="Test_phonedial" time="0.001"/>
  <testcase classname="Scenario_component.TelephoneDialPad" name="Test_phonedial" time="0.002"/>
  <testcase classname="Scenario_component.TelephoneDialPad" name="Test_phonedial" time="0.001"/>
  <testcase classname="Scenario_component.TelephoneDialPad" name="Test_phonedial" time="0.001"/>
</testsuite> <!-- Regression1 -->
